[debug] [2022-01-17T04:28:35.117Z] ----------------------------------------------------------------------
[debug] [2022-01-17T04:28:35.118Z] Command:       /usr/local/bin/node /usr/local/bin/firebase emulators:start
[debug] [2022-01-17T04:28:35.118Z] CLI Version:   10.1.0
[debug] [2022-01-17T04:28:35.118Z] Platform:      darwin
[debug] [2022-01-17T04:28:35.118Z] Node Version:  v16.13.1
[debug] [2022-01-17T04:28:35.119Z] Time:          Mon Jan 17 2022 01:28:35 GMT-0300 (Argentina Standard Time)
[debug] [2022-01-17T04:28:35.119Z] ----------------------------------------------------------------------
[debug] 
[debug] [2022-01-17T04:28:35.120Z] >>> [apiv2][query] GET https://firebase-public.firebaseio.com/cli.json [none]
[debug] [2022-01-17T04:28:35.166Z] > command requires scopes: ["email","openid","https://www.googleapis.com/auth/cloudplatformprojects.readonly","https://www.googleapis.com/auth/firebase","https://www.googleapis.com/auth/cloud-platform"]
[debug] [2022-01-17T04:28:35.166Z] > authorizing via signed-in user (igvdjn@gmail.com)
[info] i  emulators: Starting emulators: hosting {"metadata":{"emulator":{"name":"hub"},"message":"Starting emulators: hosting"}}
[debug] [2022-01-17T04:28:35.171Z] [hub] writing locator at /var/folders/pm/9pt9j14x5p57l23sz_k1rzpw0000gn/T/hub-tokenvaults.json
[debug] [2022-01-17T04:28:35.174Z] > refreshing access token with scopes: []
[debug] [2022-01-17T04:28:35.174Z] >>> HTTP REQUEST POST https://www.googleapis.com/oauth2/v3/token  
 <request body omitted>
[debug] [2022-01-17T04:28:35.319Z] <<< HTTP RESPONSE 200 {"pragma":"no-cache","expires":"Mon, 01 Jan 1990 00:00:00 GMT","cache-control":"no-cache, no-store, max-age=0, must-revalidate","date":"Mon, 17 Jan 2022 04:28:35 GMT","content-type":"application/json; charset=utf-8","vary":"X-Origin, Referer, Origin,Accept-Encoding","server":"scaffolding on HTTPServer2","x-xss-protection":"0","x-frame-options":"SAMEORIGIN","x-content-type-options":"nosniff","alt-svc":"h3=\":443\"; ma=2592000,h3-29=\":443\"; ma=2592000,h3-Q050=\":443\"; ma=2592000,h3-Q046=\":443\"; ma=2592000,h3-Q043=\":443\"; ma=2592000,quic=\":443\"; ma=2592000; v=\"46,43\"","accept-ranges":"none","transfer-encoding":"chunked"}
[debug] [2022-01-17T04:28:35.371Z] >>> [apiv2][query] GET https://firebasehosting.googleapis.com/v1beta1/projects/tokenvaults/sites 
[debug] [2022-01-17T04:28:35.959Z] <<< [apiv2][status] GET https://firebase-public.firebaseio.com/cli.json 200
[debug] [2022-01-17T04:28:35.959Z] <<< [apiv2][body] GET https://firebase-public.firebaseio.com/cli.json {"cloudBuildErrorAfter":1594252800000,"cloudBuildWarnAfter":1590019200000,"defaultNode10After":1594252800000,"minVersion":"3.0.5","node8DeploysDisabledAfter":1613390400000,"node8RuntimeDisabledAfter":1615809600000,"node8WarnAfter":1600128000000}
[debug] [2022-01-17T04:28:36.383Z] <<< [apiv2][status] GET https://firebasehosting.googleapis.com/v1beta1/projects/tokenvaults/sites 200
[debug] [2022-01-17T04:28:36.383Z] <<< [apiv2][body] GET https://firebasehosting.googleapis.com/v1beta1/projects/tokenvaults/sites {"sites":[{"name":"projects/901928499506/sites/tokenvaults","defaultUrl":"https://tokenvaults.web.app","type":"DEFAULT_SITE"}]}
[debug] [2022-01-17T04:28:36.383Z] >>> [apiv2][query] GET https://firebase.googleapis.com/v1beta1/projects/tokenvaults/webApps/-/config [none]
[debug] [2022-01-17T04:28:37.614Z] <<< [apiv2][status] GET https://firebase.googleapis.com/v1beta1/projects/tokenvaults/webApps/-/config 200
[debug] [2022-01-17T04:28:37.614Z] <<< [apiv2][body] GET https://firebase.googleapis.com/v1beta1/projects/tokenvaults/webApps/-/config {"projectId":"tokenvaults","appId":"1:901928499506:web:2655b27431dd36ddde7f2b","storageBucket":"tokenvaults.appspot.com","apiKey":"AIzaSyDv7p3tn1MCnk8Fqkw23Wz8_NzPcJrfqAc","authDomain":"tokenvaults.firebaseapp.com","messagingSenderId":"901928499506","measurementId":"G-R805369FGD"}
[info] i  hosting: Serving hosting files from: public {"metadata":{"emulator":{"name":"hosting"},"message":"Serving hosting files from: \u001b[1mpublic\u001b[22m"}}
[info] ✔  hosting: Local server: http://localhost:5001 {"metadata":{"emulator":{"name":"hosting"},"message":"Local server: \u001b[4m\u001b[1mhttp://localhost:5001\u001b[22m\u001b[24m"}}
[warn] ⚠  emulators: The Emulator UI requires a project ID to start. Configure your default project with 'firebase use' or pass the --project flag. {"metadata":{"emulator":{"name":"hub"},"message":"The Emulator UI requires a project ID to start. Configure your default project with 'firebase use' or pass the --project flag."}}
[info] 
┌─────────────────────────────────────────────────────────────┐
│ ✔  All emulators ready! It is now safe to connect your app. │
└─────────────────────────────────────────────────────────────┘

┌──────────┬────────────────┐
│ Emulator │ Host:Port      │
├──────────┼────────────────┤
│ Hosting  │ localhost:5001 │
└──────────┴────────────────┘
  Emulator Hub running at localhost:4400
  Other reserved ports: None

Issues? Report them at https://github.com/firebase/firebase-tools/issues and attach the *-debug.log files.
 
